[2019-04-26T14:13:27.652Z][info] - Show all singers requested 
[2019-04-26T16:20:38.769Z][info] - Create new singer requested
[2019-04-26T16:20:47.482Z][info] - Show all singers requested 
[2019-04-26T16:20:47.484Z][info] - All singers shown 
[2019-04-26T16:22:57.676Z][info] - Show all singers requested 
[2019-04-26T16:22:57.683Z][info] - All singers shown 
[2019-04-26T16:23:00.770Z][info] - Create new singer requested
[2019-04-26T16:23:13.924Z][info] - Show singer by name requested
[2019-04-26T16:23:14.049Z][info] - Shown singer by name
[2019-05-04T09:07:04.956Z][info] - Show all singers requested 
[2019-05-04T09:07:04.963Z][info] - All singers shown 
[2019-05-07T08:53:14.295Z][info] - Username validaton passed
[2019-05-07T08:55:31.704Z][info] - Username validaton passed
[2019-05-07T08:57:01.783Z][info] - Username validaton passed
[2019-05-07T09:23:55.576Z][info] - Username validaton passed
[2019-05-07T09:24:30.347Z][info] - Username validaton passed
[2019-05-07T09:25:56.301Z][info] - Username validaton passed
[2019-05-07T09:33:28.062Z][info] - Username validaton passed
[2019-05-07T10:21:14.202Z][info] - User validaton passed
[2019-05-07T12:22:18.849Z][info] - Show all users requested 
[2019-05-07T12:23:59.822Z][info] - Show all singers requested 
[2019-05-07T12:23:59.823Z][info] - All singers shown 
[2019-05-07T12:24:39.042Z][info] - Show all singers requested 
[2019-05-07T12:24:39.044Z][info] - All singers shown 
[2019-05-07T12:24:44.927Z][info] - Create new singer requested
[2019-05-07T12:53:06.727Z][info] - Show all users requested 
[2019-05-07T12:53:33.785Z][info] - Show all singers requested 
[2019-05-07T12:53:33.786Z][info] - All singers shown 
[2019-05-07T13:00:32.703Z][info] - Create new user requested
[2019-05-07T13:01:07.149Z][info] - Create new user requested
[2019-05-07T13:07:42.246Z][info] - Create new singer requested
[2019-05-07T13:09:23.649Z][info] - Create new singer requested
[2019-05-07T13:09:36.474Z][info] - Show all singers requested 
[2019-05-07T13:09:36.476Z][info] - All singers shown 
[2019-05-07T13:17:38.222Z][info] - Create new user requested
[2019-05-07T13:18:14.369Z][info] - Create new singer requested
[2019-05-07T13:20:10.633Z][info] - Create new singer requested
[2019-05-07T13:21:05.274Z][info] - Create new singer requested
[2019-05-07T13:22:39.356Z][info] - Create new singer requested
[2019-05-07T13:28:45.018Z][info] - Create new singer requested
[2019-05-07T13:28:52.197Z][info] - Create new singer requested
[2019-05-07T13:29:32.828Z][info] - Create new singer requested
[2019-05-07T13:41:43.520Z][info] - Create new singer requested
[2019-05-07T15:17:43.548Z][info] - Show all singers requested 
[2019-05-07T15:17:43.553Z][info] - All singers shown 
[2019-05-07T15:19:36.066Z][info] - Create new singer requested
[2019-05-07T15:20:19.964Z][info] - Create new singer requested
[2019-05-08T12:26:36.996Z][info] - Show all singers requested 
[2019-05-08T12:26:37.003Z][info] - All singers shown 
[2019-05-08T12:37:36.713Z][info] - Show all singers requested 
[2019-05-08T12:37:36.726Z][info] - All singers shown 
[2019-05-08T12:38:16.820Z][info] - Show all singers requested 
[2019-05-08T12:38:16.830Z][info] - All singers shown 
[2019-05-08T12:38:17.966Z][info] - Show all singers requested 
[2019-05-08T12:38:17.968Z][info] - All singers shown 
[2019-05-08T13:24:14.957Z][info] - Counting singers... 
[2019-05-08T13:24:36.505Z][info] - Counting singers... 
[2019-05-08T13:24:57.241Z][info] - Counting singers... 
[2019-05-08T13:25:40.771Z][info] - Counting singers... 
[2019-05-08T13:28:05.440Z][info] - Counting singers... 
[2019-05-08T13:42:43.538Z][info] - Listing singers... 
[2019-05-08T13:43:34.726Z][info] - Listing singers... 
[2019-05-08T14:05:51.973Z][info] - Listing singers... 
[2019-05-08T14:07:52.741Z][info] - Listing singers... 
[2019-05-08T14:38:09.280Z][info] - Listing singers... 
[2019-05-08T15:24:29.571Z][info] - Show all singers requested 
[2019-05-08T15:24:29.586Z][info] - All singers shown 
[2019-05-08T15:24:49.131Z][info] - Listing singers... 
[2019-05-08T15:26:24.782Z][info] - Listing singers... 
[2019-05-08T23:04:16.300Z][info] - Show all singers requested 
[2019-05-08T23:04:16.310Z][info] - All singers shown 
[2019-05-08T23:33:41.462Z][info] - Listing singers... 
[2019-05-08T23:39:14.809Z][info] - Listing singers... 
[2019-05-08T23:40:05.719Z][info] - Listing singers... 
[2019-05-08T23:49:11.454Z][info] - Listing singers... 
[2019-05-08T23:49:51.883Z][info] - Listing singers... 
[2019-05-08T23:54:50.305Z][info] - Listing singers... 
[2019-05-08T23:54:51.181Z][info] - Listing singers... 
[2019-05-09T08:15:50.691Z][info] - Listing singers... 
[2019-05-09T08:16:32.957Z][info] - Listing singers... 
[2019-05-09T08:16:52.712Z][info] - Listing singers... 
[2019-05-09T08:53:30.994Z][info] - Show all singers requested 
[2019-05-09T08:53:31.005Z][info] - All singers shown 
[2019-05-09T08:54:17.201Z][info] - Show all singers requested 
[2019-05-09T08:54:17.213Z][error] - Show all singers failed
[2019-05-09T08:54:36.809Z][info] - Show all singers requested 
[2019-05-09T08:54:36.815Z][info] - All singers shown 
[2019-05-09T08:54:51.273Z][info] - Show all singers requested 
[2019-05-09T08:54:51.282Z][info] - All singers shown 
[2019-05-09T08:55:11.509Z][info] - Show all singers requested 
[2019-05-09T08:55:11.518Z][info] - All singers shown 
[2019-05-09T08:57:10.559Z][info] - Show all singers requested 
[2019-05-09T08:57:10.568Z][info] - All singers shown 
[2019-05-09T08:58:00.060Z][info] - Show all singers requested 
[2019-05-09T08:58:00.069Z][info] - All singers shown 
[2019-05-09T15:39:42.734Z][info] - Show all singers requested 
[2019-05-09T15:39:42.743Z][info] - All singers shown 
[2019-05-09T15:52:16.736Z][error] - Auth failed
[2019-05-09T15:52:31.562Z][info] - Create new user requested
[2019-05-09T15:52:37.324Z][info] - Show all users requested 
[2019-05-10T02:29:32.656Z][info] - Listing singers... 
[2019-05-10T02:32:35.247Z][info] - Listing singers... 
[2019-05-10T02:34:25.870Z][info] - Listing singers... 
[2019-05-10T02:53:20.654Z][info] - Show all singers requested 
[2019-05-10T02:53:20.674Z][info] - All singers shown 
[2019-05-10T02:53:40.213Z][info] - Create new singer requested
[2019-05-10T02:53:49.944Z][info] - Create new singer requested
[2019-05-10T02:54:44.784Z][info] - Create new singer requested
[2019-05-10T02:54:54.085Z][info] - Create new singer requested
[2019-05-10T02:56:42.591Z][info] - Create new singer requested
[2019-05-10T02:57:20.348Z][info] - Create new singer requested
[2019-05-10T02:57:28.311Z][info] - Create new singer requested
[2019-05-10T02:57:44.358Z][info] - Create new singer requested
[2019-05-10T02:59:40.504Z][info] - Show all singers requested 
[2019-05-10T02:59:40.506Z][info] - All singers shown 
[2019-05-10T03:05:14.016Z][info] - Listing singers... 
[2019-05-10T03:08:52.253Z][info] - Listing singers... 
[2019-05-10T03:14:25.560Z][info] - Listing singers... 
[2019-05-10T03:16:29.369Z][info] - Listing singers... 
[2019-05-10T07:28:16.933Z][info] - Listing singers... 
[2019-05-10T07:30:19.785Z][info] - Listing singers... 
[2019-05-10T07:36:28.634Z][info] - Create new singer requested
[2019-05-10T07:38:58.719Z][info] - Create new singer requested
[2019-05-10T07:39:53.460Z][info] - Listing singers... 
[2019-05-10T07:41:00.389Z][info] - Listing singers... 
[2019-05-10T07:41:50.201Z][info] - Listing singers... 
[2019-05-10T07:42:53.429Z][info] - Listing singers... 
[2019-05-10T07:43:24.202Z][info] - Listing singers... 
[2019-05-10T07:43:45.086Z][info] - Listing singers... 
[2019-05-10T07:45:19.479Z][info] - Listing singers... 
[2019-05-10T07:45:35.743Z][info] - Listing singers... 
[2019-05-10T07:46:16.624Z][info] - Listing singers... 
[2019-05-10T07:47:21.591Z][info] - Listing singers... 
[2019-05-10T07:47:46.682Z][info] - Listing singers... 
[2019-05-10T07:50:49.466Z][info] - Listing singers... 
[2019-05-10T07:51:29.112Z][info] - Listing singers... 
[2019-05-10T07:51:43.922Z][info] - Listing singers... 
[2019-05-10T07:51:57.047Z][info] - Listing singers... 
[2019-05-10T07:52:22.435Z][info] - Listing singers... 
[2019-05-10T07:53:45.354Z][info] - Listing singers... 
[2019-05-10T07:54:08.031Z][info] - Listing singers... 
[2019-05-10T07:55:53.491Z][info] - Listing singers... 
[2019-05-10T07:57:11.069Z][info] - Listing singers... 
[2019-05-10T08:00:51.780Z][info] - Create new singer requested
[2019-05-10T08:00:59.045Z][info] - Create new singer requested
[2019-05-10T08:10:15.326Z][info] - Create new singer requested
[2019-05-10T08:10:24.943Z][info] - Listing singers... 
[2019-05-10T08:11:04.218Z][info] - Listing singers... 
[2019-05-10T08:11:53.243Z][info] - Listing singers... 
[2019-05-10T08:12:21.476Z][info] - Listing singers... 
[2019-05-10T08:13:14.566Z][info] - Listing singers... 
[2019-05-10T08:14:21.597Z][info] - Listing singers... 
[2019-05-10T08:14:35.501Z][info] - Listing singers... 
[2019-05-10T08:15:52.828Z][info] - Listing singers... 
[2019-05-10T08:21:13.953Z][info] - Listing singers... 
[2019-05-10T08:26:57.709Z][info] - Listing singers... 
[2019-05-10T08:27:21.410Z][info] - Listing singers... 
[2019-05-10T08:28:07.291Z][info] - Listing singers... 
[2019-05-10T08:29:48.762Z][info] - Listing singers... 
[2019-05-10T08:30:04.852Z][info] - Listing singers... 
[2019-05-10T08:35:21.932Z][info] - Listing singers... 
[2019-05-10T08:40:04.138Z][info] - Listing singers... 
[2019-05-10T08:47:14.812Z][info] - Listing singers... 
[2019-05-10T08:53:01.890Z][info] - Listing singers... 
[2019-05-10T08:56:04.951Z][info] - Listing singers... 
[2019-05-10T08:56:27.810Z][info] - Listing singers... 
[2019-05-10T08:59:35.843Z][info] - Listing singers... 
[2019-05-10T09:02:31.699Z][info] - Listing singers... 
[2019-05-10T09:02:56.716Z][info] - Listing singers... 
[2019-05-10T09:04:05.467Z][info] - Listing singers... 
[2019-05-10T09:17:15.065Z][info] - Listing singers... 
[2019-05-10T09:18:06.258Z][info] - Listing singers... 
[2019-05-10T09:18:32.726Z][info] - Listing singers... 
[2019-05-10T09:19:19.123Z][info] - Listing singers... 
[2019-05-10T09:19:41.584Z][info] - Listing singers... 
[2019-05-10T09:26:01.099Z][info] - Listing singers... 
[2019-05-10T09:29:31.458Z][info] - Listing singers... 
[2019-05-10T09:30:52.293Z][info] - Listing singers... 
[2019-05-10T09:32:59.625Z][info] - Listing singers... 
[2019-05-10T09:33:22.329Z][info] - Listing singers... 
[2019-05-10T09:33:59.909Z][info] - Listing singers... 
[2019-05-10T09:34:37.999Z][info] - Listing singers... 
[2019-05-10T09:36:41.879Z][info] - Listing singers... 
[2019-05-10T09:37:15.179Z][info] - Listing singers... 
[2019-05-10T09:37:49.009Z][info] - Listing singers... 
[2019-05-10T09:40:06.276Z][info] - Listing singers... 
[2019-05-10T09:40:40.832Z][info] - Listing singers... 
[2019-05-10T09:41:24.606Z][info] - Listing singers... 
[2019-05-10T09:43:31.719Z][info] - Listing singers... 
[2019-05-10T09:44:12.946Z][info] - Listing singers... 
[2019-05-10T09:44:54.042Z][info] - Listing singers... 
[2019-05-10T09:59:24.016Z][info] - Listing singers... 
[2019-05-10T09:59:46.371Z][info] - Listing singers... 
[2019-05-10T10:06:26.220Z][info] - Listing singers... 
[2019-05-10T10:07:30.907Z][info] - Listing singers... 
[2019-05-10T10:08:49.471Z][info] - Listing singers... 
[2019-05-10T10:10:48.398Z][info] - Listing singers... 
[2019-05-10T10:11:13.330Z][info] - Listing singers... 
[2019-05-10T10:12:54.787Z][info] - Listing singers... 
[2019-05-10T10:14:39.116Z][info] - Listing singers... 
[2019-05-10T10:14:40.177Z][info] - Listing singers... 
[2019-05-10T10:14:41.554Z][info] - Listing singers... 
[2019-05-10T10:14:42.776Z][info] - Listing singers... 
[2019-05-10T10:14:43.645Z][info] - Listing singers... 
[2019-05-10T10:14:44.405Z][info] - Listing singers... 
[2019-05-10T10:14:45.244Z][info] - Listing singers... 
[2019-05-10T10:14:45.982Z][info] - Listing singers... 
[2019-05-10T10:14:46.777Z][info] - Listing singers... 
[2019-05-10T10:14:47.603Z][info] - Listing singers... 
[2019-05-10T10:14:48.194Z][info] - Listing singers... 
[2019-05-10T10:19:28.866Z][info] - Show all singers requested 
[2019-05-10T10:19:28.873Z][info] - All singers shown 
[2019-05-10T10:19:29.317Z][info] - Show all singers requested 
[2019-05-10T10:19:29.321Z][info] - All singers shown 
[2019-05-10T10:19:56.423Z][info] - Show all singers requested 
[2019-05-10T10:19:56.437Z][info] - All singers shown 
[2019-05-10T10:20:45.912Z][info] - Listing singers... 
[2019-05-10T10:22:13.831Z][info] - Listing singers... 
[2019-05-10T10:22:23.177Z][info] - Listing singers... 
[2019-05-10T10:23:12.499Z][info] - Listing singers... 
[2019-05-10T10:23:15.281Z][info] - Listing singers... 
[2019-05-10T10:23:44.080Z][info] - Listing singers... 
[2019-05-10T10:24:14.272Z][info] - Listing singers... 
[2019-05-10T10:24:59.949Z][info] - Listing singers... 
[2019-05-10T10:29:53.237Z][info] - Show all singers requested 
[2019-05-10T10:29:53.250Z][info] - All singers shown 
[2019-05-10T10:30:38.985Z][info] - Create new singer requested
[2019-05-10T10:31:22.284Z][info] - Show all singers requested 
[2019-05-10T10:31:22.287Z][info] - All singers shown 
[2019-05-10T10:32:00.181Z][info] - Show all singers requested 
[2019-05-10T10:32:00.183Z][info] - All singers shown 
[2019-05-10T10:32:06.377Z][info] - Create new singer requested
[2019-05-10T10:33:26.285Z][info] - Show all singers requested 
[2019-05-10T10:33:26.288Z][info] - All singers shown 
[2019-05-10T10:44:15.045Z][info] - Listing singers... 
[2019-05-10T10:44:48.901Z][info] - Listing singers... 
[2019-05-10T12:04:43.974Z][info] - Listing singers... 
[2019-05-10T12:07:18.243Z][info] - Listing singers... 
[2019-05-10T12:09:31.525Z][info] - Listing singers... 
[2019-05-10T12:47:21.237Z][info] - Show all singers requested 
[2019-05-10T12:47:21.244Z][info] - All singers shown 
[2019-05-10T13:01:19.207Z][info] - Listing singers... 
[2019-05-10T13:03:29.372Z][info] - Listing singers... 
[2019-05-10T13:04:40.000Z][info] - Listing singers... 
[2019-05-10T13:05:10.016Z][info] - Listing singers... 
[2019-05-10T13:05:20.400Z][info] - Listing singers... 
[2019-05-10T14:54:15.871Z][info] - Listing singers... 
[2019-05-10T14:57:20.745Z][info] - Listing singers... 
[2019-05-11T22:06:51.625Z][info] - Listing singers... 
[2019-05-11T22:07:34.251Z][info] - Listing singers... 
[2019-05-11T22:07:59.505Z][info] - Listing singers... 
[2019-05-11T22:08:34.622Z][info] - Listing singers... 
[2019-05-11T22:10:33.343Z][info] - Listing singers... 
[2019-05-11T22:12:39.464Z][info] - Listing singers... 
[2019-05-11T22:13:05.337Z][info] - Listing singers... 
[2019-05-11T22:14:38.012Z][info] - Listing singers... 
[2019-05-11T22:15:06.900Z][info] - Listing singers... 
[2019-05-11T22:15:45.764Z][info] - Listing singers... 
[2019-05-11T22:16:26.459Z][info] - Listing singers... 
[2019-05-11T22:17:23.885Z][info] - Listing singers... 
[2019-05-11T22:20:34.113Z][info] - Listing singers... 
[2019-05-11T22:21:37.232Z][info] - Listing singers... 
[2019-05-11T22:22:13.977Z][info] - Listing singers... 
[2019-05-11T22:24:28.831Z][info] - Listing singers... 
[2019-05-12T21:42:18.245Z][info] - Listing singers... 
[2019-05-12T21:44:19.971Z][info] - Listing singers... 
[2019-05-12T21:44:31.612Z][info] - Listing singers... 
[2019-05-12T21:44:32.677Z][info] - Listing singers... 
[2019-05-12T21:45:50.582Z][info] - Listing singers... 
[2019-05-12T21:47:29.983Z][info] - Listing singers... 
