[2019-04-26T13:26:58.580Z][error] - Show all singers failed 
[2019-05-07T08:54:18.366Z][error] - Username validaton didnt pass
[2019-05-07T08:56:13.462Z][error] - Username validaton didnt pass
[2019-05-07T09:00:34.441Z][error] - Username validaton didnt pass
[2019-05-07T09:00:36.499Z][error] - Username validaton didnt pass
[2019-05-07T09:05:20.557Z][error] - Username validaton didnt pass
[2019-05-07T09:05:21.905Z][error] - Username validaton didnt pass
[2019-05-07T09:10:53.310Z][error] - Username validaton didnt pass
[2019-05-07T09:10:54.306Z][error] - Username validaton didnt pass
[2019-05-07T09:12:40.144Z][error] - Username validaton didnt pass
[2019-05-07T09:13:18.866Z][error] - Username validaton didnt pass
[2019-05-07T09:14:22.634Z][error] - Username validaton didnt pass
[2019-05-07T09:16:41.892Z][error] - Username validaton didnt pass
[2019-05-07T10:22:27.156Z][error] - User exists
[2019-05-07T10:22:27.930Z][error] - User exists
[2019-05-07T10:22:28.651Z][error] - User exists
[2019-05-07T10:22:29.287Z][error] - User exists
[2019-05-07T10:22:29.829Z][error] - User exists
[2019-05-07T10:22:30.362Z][error] - User exists
[2019-05-09T08:54:17.213Z][error] - Show all singers failed
[2019-05-09T15:52:16.736Z][error] - Auth failed
