{"message":"POST fired: login user djeka@eng.it , Thu May 09 2019 11:32:43 GMT+0200 (Central European Summer Time)","level":"info","service":"user-service"}
{"message":"POST fired: login user djeka@eng.it , Thu May 09 2019 11:33:37 GMT+0200 (Central European Summer Time)","level":"info","service":"user-service"}
{"level":"info","message":"GET fired: show all users from database. Thu May 09 2019 11:33:42 GMT+0200 (Central European Summer Time)"}
{"level":"info","message":"GET fired: show all users from database. Thu May 09 2019 11:34:21 GMT+0200 (Central European Summer Time)"}
{"level":"info","message":"GET fired: show all users from database. Thu May 09 2019 11:40:54 GMT+0200 (Central European Summer Time)"}
{"level":"info","message":"GET fired: show all users from database. Thu May 09 2019 11:41:36 GMT+0200 (Central European Summer Time)"}
{"level":"info","message":"GET fired: show all users from database. Thu May 09 2019 11:42:36 GMT+0200 (Central European Summer Time)"}
{"level":"info","message":"GET fired: show all users from database. Thu May 09 2019 11:43:38 GMT+0200 (Central European Summer Time)"}
{"level":"info","message":"GET fired: show all users from database. Thu May 09 2019 11:46:44 GMT+0200 (Central European Summer Time)"}
{"level":"info","message":"GET fired: show all users from database. Thu May 09 2019 11:48:26 GMT+0200 (Central European Summer Time)"}
{"level":"info","message":"GET fired: show all users from database. Thu May 09 2019 11:50:08 GMT+0200 (Central European Summer Time)"}
{"level":"info","message":"GET fired: show all users from database. Thu May 09 2019 11:54:04 GMT+0200 (Central European Summer Time)"}
{"message":"POST fired: login user djeka@eng.it , Thu May 09 2019 11:54:08 GMT+0200 (Central European Summer Time)","level":"info","service":"user-service"}
{"message":"POST fired: signup a new user. Thu May 09 2019 11:57:07 GMT+0200 (Central European Summer Time)","level":"info","service":"user-service"}
{"message":"Create new book fired. Thu May 09 2019 12:13:25 GMT+0200 (Central European Summer Time)","level":"info","service":"user-service"}
{"message":"Create new book fired. Thu May 09 2019 12:25:56 GMT+0200 (Central European Summer Time)","level":"info","service":"user-service"}
{"message":"Create new book fired. Thu May 09 2019 12:27:02 GMT+0200 (Central European Summer Time)","level":"info","service":"user-service"}
{"message":"Create new book fired. Thu May 09 2019 12:27:19 GMT+0200 (Central European Summer Time)","level":"info","service":"user-service"}
{"message":"Create new book fired. Thu May 09 2019 12:28:09 GMT+0200 (Central European Summer Time)","level":"info","service":"user-service"}
{"message":"Create new book fired. Thu May 09 2019 12:29:33 GMT+0200 (Central European Summer Time)","level":"info","service":"user-service"}
{"message":"Create new book fired. Thu May 09 2019 12:30:52 GMT+0200 (Central European Summer Time)","level":"info","service":"user-service"}
{"message":"Create new book fired. Thu May 09 2019 12:30:58 GMT+0200 (Central European Summer Time)","level":"info","service":"user-service"}
{"message":"Create new book fired. Thu May 09 2019 12:32:38 GMT+0200 (Central European Summer Time)","level":"info","service":"user-service"}
{"message":"Create new book fired. Thu May 09 2019 12:33:21 GMT+0200 (Central European Summer Time)","level":"info","service":"user-service"}
{"message":"Create new book fired. Thu May 09 2019 12:36:49 GMT+0200 (Central European Summer Time)","level":"info","service":"user-service"}
{"message":"Create new book fired. Thu May 09 2019 14:49:09 GMT+0200 (Central European Summer Time)","level":"info","service":"user-service"}
{"message":"Create new book fired. Thu May 09 2019 14:51:25 GMT+0200 (Central European Summer Time)","level":"info","service":"user-service"}
{"message":"Create new book fired. Thu May 09 2019 14:52:14 GMT+0200 (Central European Summer Time)","level":"info","service":"user-service"}
{"message":"Create new book fired. Thu May 09 2019 14:53:40 GMT+0200 (Central European Summer Time)","level":"info","service":"user-service"}
{"message":"Create new book fired. Thu May 09 2019 17:25:06 GMT+0200 (Central European Summer Time)","level":"info","service":"user-service"}
{"message":"Create new book fired. Thu May 09 2019 17:26:27 GMT+0200 (Central European Summer Time)","level":"info","service":"user-service"}
{"message":"Create new author fired. Thu May 09 2019 17:27:57 GMT+0200 (Central European Summer Time)","level":"info","service":"user-service"}
{"message":"Create new author fired. Thu May 09 2019 17:30:48 GMT+0200 (Central European Summer Time)","level":"info","service":"user-service"}
{"message":"Create new author fired. Thu May 09 2019 17:31:12 GMT+0200 (Central European Summer Time)","level":"info","service":"user-service"}
{"message":"get author aggreg.books fired Thu May 09 2019 17:40:18 GMT+0200 (Central European Summer Time)","level":"info","service":"user-service"}
{"message":"get author aggreg.books fired Thu May 09 2019 17:41:39 GMT+0200 (Central European Summer Time)","level":"info","service":"user-service"}
{"message":"get author aggreg.books fired Thu May 09 2019 17:54:03 GMT+0200 (Central European Summer Time)","level":"info","service":"user-service"}
{"message":"get author aggreg.books fired Fri May 10 2019 09:40:17 GMT+0200 (Central European Summer Time)","level":"info","service":"user-service"}
{"message":"get author aggreg.books fired Fri May 10 2019 09:40:46 GMT+0200 (Central European Summer Time)","level":"info","service":"user-service"}
{"message":"get author aggreg.books fired Fri May 10 2019 09:41:38 GMT+0200 (Central European Summer Time)","level":"info","service":"user-service"}
{"message":"get author aggreg.books fired Fri May 10 2019 09:42:00 GMT+0200 (Central European Summer Time)","level":"info","service":"user-service"}
{"message":"get author aggreg.books fired Fri May 10 2019 09:42:20 GMT+0200 (Central European Summer Time)","level":"info","service":"user-service"}
{"message":"get author aggreg.books fired Fri May 10 2019 09:43:36 GMT+0200 (Central European Summer Time)","level":"info","service":"user-service"}
{"message":"get author aggreg.books fired Fri May 10 2019 09:50:36 GMT+0200 (Central European Summer Time)","level":"info","service":"user-service"}
{"message":"get author aggreg.books fired Fri May 10 2019 09:52:24 GMT+0200 (Central European Summer Time)","level":"info","service":"user-service"}
{"message":"get author aggreg.books fired Fri May 10 2019 09:53:31 GMT+0200 (Central European Summer Time)","level":"info","service":"user-service"}
{"message":"get author aggreg.books fired Fri May 10 2019 09:53:42 GMT+0200 (Central European Summer Time)","level":"info","service":"user-service"}
{"message":"get author aggreg.books fired Fri May 10 2019 09:54:18 GMT+0200 (Central European Summer Time)","level":"info","service":"user-service"}
{"message":"Create new book fired. Fri May 10 2019 09:56:51 GMT+0200 (Central European Summer Time)","level":"info","service":"user-service"}
{"message":"Create new book fired. Fri May 10 2019 09:57:03 GMT+0200 (Central European Summer Time)","level":"info","service":"user-service"}
{"message":"Create new book fired. Fri May 10 2019 10:02:26 GMT+0200 (Central European Summer Time)","level":"info","service":"user-service"}
{"message":"Create new book fired. Fri May 10 2019 10:06:09 GMT+0200 (Central European Summer Time)","level":"info","service":"user-service"}
{"message":"Create new book fired. Fri May 10 2019 10:07:59 GMT+0200 (Central European Summer Time)","level":"info","service":"user-service"}
{"message":"Create new book fired. Fri May 10 2019 10:08:38 GMT+0200 (Central European Summer Time)","level":"info","service":"user-service"}
{"message":"Create new book fired. Fri May 10 2019 10:09:16 GMT+0200 (Central European Summer Time)","level":"info","service":"user-service"}
{"message":"Create new book fired. Fri May 10 2019 10:09:52 GMT+0200 (Central European Summer Time)","level":"info","service":"user-service"}
{"message":"Create new book fired. Fri May 10 2019 10:10:17 GMT+0200 (Central European Summer Time)","level":"info","service":"user-service"}
{"message":"Create new book fired. Fri May 10 2019 10:10:27 GMT+0200 (Central European Summer Time)","level":"info","service":"user-service"}
{"message":"Create new book fired. Fri May 10 2019 10:11:43 GMT+0200 (Central European Summer Time)","level":"info","service":"user-service"}
{"message":"Create new book fired. Fri May 10 2019 10:11:56 GMT+0200 (Central European Summer Time)","level":"info","service":"user-service"}
{"message":"Create new book fired. Fri May 10 2019 10:12:33 GMT+0200 (Central European Summer Time)","level":"info","service":"user-service"}
{"level":"info","message":"GET fired: show all users from database. Fri May 10 2019 10:20:04 GMT+0200 (Central European Summer Time)"}
{"level":"info","message":"GET fired: show all users from database. Fri May 10 2019 10:20:27 GMT+0200 (Central European Summer Time)"}
{"message":"get author aggreg.books fired Fri May 10 2019 10:27:22 GMT+0200 (Central European Summer Time)","level":"info","service":"user-service"}
{"message":"get author aggreg.books fired Fri May 10 2019 10:29:14 GMT+0200 (Central European Summer Time)","level":"info","service":"user-service"}
{"message":"Create new author fired. Fri May 10 2019 10:31:17 GMT+0200 (Central European Summer Time)","level":"info","service":"user-service"}
{"message":"Create new book fired. Fri May 10 2019 10:38:12 GMT+0200 (Central European Summer Time)","level":"info","service":"user-service"}
