[2019-04-25T13:06:52.847Z] error User is not find!
[2019-04-25T13:08:05.475Z] error User is not find!
[2019-04-25T13:09:06.783Z][error] User is not find!
[2019-04-25T13:34:14.068Z][error] Failed to get list of all users.
[2019-05-06T14:57:17.993Z][error] Failed to add user.
[2019-05-06T15:04:10.760Z][error] Failed to add user.
[2019-05-06T15:04:38.432Z][error] Failed to add user.
[2019-05-06T15:14:18.282Z][error] Failed to add user.
[2019-05-06T15:17:25.088Z][error] Failed to add user.MongoError: E11000 duplicate key error collection: library.users2 index: name_1 dup key: { : "Tamaraasas" }
[2019-05-06T15:18:06.251Z][error] Failed to add user.
[2019-05-06T15:18:22.278Z][error] Failed to add user.
[2019-05-07T07:39:55.354Z][error] Invalid log data!
[2019-05-07T07:42:00.285Z][error] Invalid log data!
[2019-05-07T07:45:17.088Z][error] Invalid log data!
[2019-05-07T07:46:17.853Z][error] Invalid log data!
[2019-05-07T07:48:18.547Z][error] Invalid log data!
[2019-05-07T07:51:05.488Z][error] Invalid log data!
[2019-05-07T07:51:06.861Z][error] Invalid log data!
[2019-05-07T07:51:08.898Z][error] Invalid log data!
[2019-05-07T07:51:59.276Z][error] Invalid log data!
[2019-05-07T07:52:24.909Z][error] Invalid log data!
[2019-05-07T07:55:11.597Z][error] Invalid log data!
[2019-05-07T07:56:52.497Z][error] Invalid log data!
[2019-05-07T07:57:31.291Z][error] Invalid log data!
[2019-05-07T07:57:51.295Z][error] Invalid log data 2!
[2019-05-07T07:59:18.620Z][error] User is not found
[2019-05-07T08:03:32.027Z][error] Invalid log data 2!
[2019-05-07T08:07:13.911Z][error] Invalid log data 2!
[2019-05-07T08:09:16.723Z][error] Invalid log data 2!
[2019-05-07T08:10:24.801Z][error] Invalid log data 2!
[2019-05-07T08:11:51.578Z][error] Invalid log data 2!
[2019-05-07T08:16:12.559Z][error] Invalid log data 2!
[2019-05-07T08:18:01.470Z][error] Failed to get list of all users.
[2019-05-07T08:20:40.178Z][error] Invalid log data 2!
[2019-05-07T08:21:06.684Z][error] Invalid log data 2!
[2019-05-07T08:21:09.036Z][error] Invalid log data 2!
[2019-05-07T08:21:09.771Z][error] Invalid log data 2!
[2019-05-07T08:21:10.160Z][error] Invalid log data 2!
[2019-05-07T08:21:31.164Z][error] Invalid log data 2!
[2019-05-07T08:23:16.295Z][error] Invalid log data 2!
[2019-05-07T08:24:54.786Z][error] Invalid log data 2!
[2019-05-07T08:25:50.982Z][error] Failed to get list of all users.
[2019-05-07T08:26:39.054Z][error] Failed to get list of all users.
[2019-05-07T08:28:07.526Z][error] Failed to get list of all users.
[2019-05-07T08:28:43.234Z][error] Failed to get list of all users.
[2019-05-07T08:29:21.875Z][error] Failed to get list of all users.
[2019-05-07T08:30:15.690Z][error] Failed to get list of all users.
[2019-05-07T08:31:57.078Z][error] Failed to get list of all users.
[2019-05-07T08:34:14.813Z][error] Failed to get list of all users.
[2019-05-07T08:37:03.837Z][error] Failed to find user.
[2019-05-07T08:40:10.020Z][error] Failed to find user.
[2019-05-07T08:42:13.085Z][error] Failed to find user.
[2019-05-07T08:45:54.201Z][error] Invalid log data 2!
[2019-05-07T08:49:27.706Z][error] Invalid log data 2! TypeError [ERR_INVALID_ARG_TYPE]: The first argument must be one of type string, Buffer, ArrayBuffer, Array, or Array-like Object. Received type undefined
[2019-05-07T08:50:03.870Z][error] Invalid log data 1!
[2019-05-07T08:50:15.852Z][error] Invalid log data 2! TypeError: Cannot read property 'salt' of null
[2019-05-07T08:53:04.837Z][error] Invalid log data 2! 
[2019-05-07T08:53:06.790Z][error] Invalid log data 2! 
[2019-05-07T10:07:58.098Z][error] Failed to get list of all users.
[2019-05-07T10:08:11.445Z][error] Failed to get list of all users.
[2019-05-07T10:10:39.188Z][error] User is not found
[2019-05-07T10:12:57.114Z][error] Failed to get list of all users.
[2019-05-07T10:14:44.218Z][error] Failed to get list of all users.
[2019-05-07T10:15:00.009Z][error] Failed to get list of all users.
[2019-05-07T14:19:06.727Z][error] Failed to remove product!
[2019-05-07T15:18:13.665Z][error] User is not found
[2019-05-07T15:18:15.251Z][error] User is not found
[2019-05-07T15:19:32.407Z][error] User is not found
[2019-05-07T15:23:29.224Z][error] User is not found
[2019-05-07T15:32:59.393Z][error] Faild to take last five users from DB!
[2019-05-08T08:17:54.524Z][error] Failed to remove product!
[2019-05-08T09:00:54.083Z][error] Failed to remove product!
[2019-05-08T09:02:12.365Z][error] Failed to remove product!
[2019-05-08T09:02:51.118Z][error] Failed to remove product!
[2019-05-08T09:03:29.489Z][error] Failed to remove product!
[2019-05-08T09:03:30.578Z][error] Failed to remove product!
[2019-05-08T09:03:31.402Z][error] Failed to remove product!
[2019-05-08T09:04:04.549Z][error] Failed to remove product! - TypeError: product.destroy is not a function
[2019-05-08T09:07:48.571Z][error] Failed to remove product! - TypeError: product.destroy is not a function
[2019-05-08T09:07:49.492Z][error] Failed to remove product! - TypeError: product.destroy is not a function
[2019-05-08T09:12:46.703Z][error] Failed to update product!
[2019-05-08T09:16:51.462Z][error] Failed to update product!
[2019-05-08T09:16:52.651Z][error] Failed to update product!
[2019-05-08T09:17:36.506Z][error] Failed to update product!
[2019-05-08T09:18:04.238Z][error] Failed to update product!TypeError: product.update is not a function
[2019-05-08T09:18:05.537Z][error] Failed to update product!TypeError: product.update is not a function
[2019-05-08T09:19:31.843Z][error] Failed to update product!TypeError: product.update is not a function
[2019-05-08T09:19:33.239Z][error] Failed to update product!TypeError: product.update is not a function
[2019-05-08T09:19:34.198Z][error] Failed to update product!TypeError: product.update is not a function
[2019-05-08T09:20:14.154Z][error] Failed to update product!AssertionError [ERR_ASSERTION]: Missing where attribute in the options parameter
[2019-05-08T09:21:02.779Z][error] Failed to update product!AssertionError [ERR_ASSERTION]: Missing where attribute in the options parameter
[2019-05-08T10:26:52.239Z][error] Failed to add user.
[2019-05-08T10:26:54.956Z][error] Failed to add user.
[2019-05-08T10:27:13.424Z][error] Failed to add user.
[2019-05-08T12:30:21.946Z][error] Reject - filter users by firstname - firstletter!
[2019-05-08T12:39:59.492Z][error] Reject - filter users by firstname - firstletter!
[2019-05-08T12:43:37.479Z][error] Reject - filter users by firstname - firstletter!
[2019-05-08T12:43:51.948Z][error] Reject - filter users by firstname - firstletter!
[2019-05-08T12:59:57.191Z][error] Reject - filter users by firstname - firstletter!
[2019-05-08T13:02:35.485Z][error] Reject - filter users by firstname - firstletter!
[2019-05-08T13:06:36.883Z][error] Reject - filter users by firstname - firstletter!
[2019-05-08T13:07:52.207Z][error] Reject - filter users by firstname - firstletter!
[2019-05-08T13:11:13.769Z][error] Reject - filter users by firstname - firstletter!
[2019-05-08T13:11:45.421Z][error] Reject - filter users by firstname - firstletter!
[2019-05-08T13:50:46.376Z][error] Reject - filter users by firstname with regex!
[2019-05-08T13:53:21.859Z][error] Reject - filter users by firstname with regex!
[2019-05-08T13:54:13.433Z][error] Reject - filter users by firstname with regex!
[2019-05-08T13:56:51.419Z][error] Reject - filter users by firstname with regex!
[2019-05-08T13:58:09.311Z][error] Reject - filter users by firstname with regex!
[2019-05-08T13:58:59.645Z][error] Reject - filter users by firstname with regex!
[2019-05-08T13:59:52.909Z][error] Reject - filter users by firstname with regex!
[2019-05-08T14:00:41.898Z][error] Reject - filter users by firstname with regex!
[2019-05-08T14:00:57.146Z][error] Reject - filter users by firstname with regex!
[2019-05-08T14:01:45.061Z][error] Reject - filter users by firstname with regex! MongoError: $not cannot have a regex
[2019-05-08T14:03:26.437Z][error] Reject - filter users by firstname with regex! MongoError: $not cannot have a regex
[2019-05-08T14:18:11.046Z][error] User is not found
[2019-05-08T14:18:59.922Z][error] User is not found
[2019-05-08T14:19:16.995Z][error] User is not found
[2019-05-08T14:19:17.888Z][error] User is not found
[2019-05-08T14:19:18.548Z][error] User is not found
[2019-05-08T14:19:19.085Z][error] User is not found
[2019-05-08T14:19:19.649Z][error] User is not found
[2019-05-08T14:19:21.364Z][error] User is not found
[2019-05-08T14:36:08.149Z][error] Reject - filter users by firstname with regex! MongoError: Invalid $project :: caused by :: FieldPath field names may not start with '$'.
[2019-05-08T14:38:31.947Z][error] Reject - filter users by firstname with regex! MongoError: unknown top level operator: $ne
[2019-05-08T14:46:28.533Z][error] Reject - filter users by firstname with regex! MongoError: Unrecognized pipeline stage name: '$cond'
[2019-05-08T14:46:29.660Z][error] Reject - filter users by firstname with regex! MongoError: Unrecognized pipeline stage name: '$cond'
[2019-05-08T15:30:19.497Z][error] Failed to add user.
