[2019-04-25T12:58:44.219Z][error] - Getting all users ... 
[2019-04-25T13:00:04.845Z][error] - Getting all users ... 
[2019-04-25T13:01:49.393Z][error] - Getting all users ... 
[2019-04-25T14:33:49.527Z][error] - Cannot add user
[2019-04-25T14:34:41.623Z][error] - Getting all users ... 
[2019-04-25T14:53:24.435Z][error] - Cannot add user
[2019-04-25T15:14:17.969Z][error] - Cannot add user
[2019-04-25T15:14:57.062Z][error] - Cannot add user
[2019-04-25T15:15:50.783Z][error] - Cannot add user
[2019-04-25T15:16:22.258Z][error] - Cannot add user
[2019-04-25T15:16:38.426Z][error] - Cannot add user
[2019-04-25T15:17:08.137Z][error] - Username validaton for lowerCase did not pass
[2019-04-25T15:17:08.141Z][error] - Cannot add user
[2019-04-25T15:22:25.563Z][error] - Username validaton for lowerCase did not pass
[2019-04-25T15:22:25.565Z][error] - Username validaton for isAlphanumeric did not pass
[2019-04-25T15:22:25.567Z][error] - Cannot add user
[2019-04-25T15:22:31.944Z][error] - Username validaton for lowerCase did not pass
[2019-04-25T15:22:31.948Z][error] - Username validaton for isAlphanumeric did not pass
[2019-04-25T15:22:31.950Z][error] - Cannot add user
[2019-04-25T15:22:39.840Z][error] - Username validaton for lowerCase did not pass
[2019-04-25T15:22:39.843Z][error] - Cannot add user
[2019-04-25T15:23:29.108Z][error] - Username validaton for isAlphanumeric did not pass
[2019-04-25T15:23:29.109Z][error] - Cannot add user
[2019-04-25T15:25:54.190Z][error] - Username validaton for isAlphanumeric did not pass
[2019-04-25T15:25:54.193Z][error] - Cannot add user
[2019-04-25T15:26:01.950Z][error] - Getting all users ... 
[2019-04-25T15:28:02.899Z][error] - Username validaton for isAlphanumeric did not pass
[2019-04-25T15:28:02.904Z][error] - Cannot add user
[2019-05-06T14:32:31.912Z][error] - Username validaton for isAlphanumeric did not pass
[2019-05-06T14:32:31.931Z][error] - Cannot add user
[2019-05-06T14:32:52.508Z][error] - Username validaton for isAlphanumeric did not pass
[2019-05-06T14:32:52.510Z][error] - Cannot add user
[2019-05-06T14:32:59.687Z][error] - Cannot add user
[2019-05-06T14:33:05.349Z][error] - Username validaton for lowerCase did not pass
[2019-05-06T14:33:05.353Z][error] - Cannot add user
[2019-05-06T14:33:25.647Z][error] - Username validaton for lowerCase did not pass
[2019-05-06T14:33:25.650Z][error] - Cannot add user
[2019-05-06T14:33:39.794Z][error] - Cannot add user
[2019-05-06T14:41:46.916Z][error] - Cannot add user
[2019-05-07T08:02:08.512Z][error] - Cannot find user
[2019-05-07T08:02:31.613Z][error] - Cannot find user
[2019-05-07T08:04:16.233Z][error] - Password is wrong
[2019-05-07T08:04:23.007Z][error] - Cannot find user
[2019-05-07T09:12:21.981Z][error] - Cannot find user
[2019-05-07T09:14:23.648Z][error] - Cannot find user
[2019-05-07T09:15:39.972Z][error] - Cannot find user
[2019-05-07T09:16:17.760Z][error] - Cannot find user
[2019-05-07T14:51:20.731Z][error] - Getting all users ... 
[2019-05-07T15:19:26.393Z][error] - Getting last two users ... 
[2019-05-08T10:10:48.808Z][error] - Cannot find books
[2019-05-08T10:12:31.695Z][error] - Cannot find books
[2019-05-08T10:15:27.458Z][error] - Cannot find books
[2019-05-08T10:15:46.641Z][error] - Cannot find books
[2019-05-08T10:17:37.309Z][error] - Cannot find books
[2019-05-08T10:23:42.310Z][error] - Cannot find books
[2019-05-08T10:23:44.631Z][error] - Cannot find books
[2019-05-08T10:23:45.662Z][error] - Cannot find books
[2019-05-08T10:23:47.374Z][error] - Cannot find books
[2019-05-08T12:52:42.502Z][error] - Cannot update user - CastError: Cast to ObjectId failed for value "5cd0497365e3dfb1e1043db14" at path "_id" for model "User"
[2019-05-08T13:02:00.361Z][error] - Cannot find books
[2019-05-08T13:02:11.870Z][error] - Cannot find books
[2019-05-08T13:02:12.939Z][error] - Cannot find books
[2019-05-08T14:37:14.058Z][error] - Cannot find authors
[2019-05-08T14:37:38.611Z][error] - Cannot find authors
[2019-05-08T14:37:54.965Z][error] - Cannot find authors
[2019-05-08T14:38:19.137Z][error] - Cannot find authors
[2019-05-08T14:46:09.065Z][error] - Cannot find authors
[2019-05-10T08:26:36.019Z][error] - Cannot find books
[2019-05-10T08:26:41.965Z][error] - Cannot find books
[2019-05-10T08:45:10.142Z][error] - Cannot find authors
[2019-05-10T08:45:52.249Z][error] - Cannot find authors - MongoError: The $multiply accumulator is a unary operator
[2019-05-10T09:22:15.284Z][error] - Cannot find authors
[2019-05-10T09:58:44.489Z][error] - Cannot find authors
[2019-05-10T09:59:11.836Z][error] - Cannot find authors
[2019-05-10T10:03:49.234Z][error] - Cannot find authors
[2019-05-10T10:03:51.152Z][error] - Cannot find authors
[2019-05-10T10:06:57.575Z][error] - Cannot find authors
[2019-05-10T10:07:08.305Z][error] - Cannot find authors
[2019-05-10T10:08:32.779Z][error] - Cannot find authors
[2019-05-10T10:10:10.604Z][error] - Cannot find authors
[2019-05-10T10:10:49.833Z][error] - Cannot find authors
[2019-05-10T10:10:51.317Z][error] - Cannot find authors
[2019-05-10T10:14:09.070Z][error] - Cannot find authors
[2019-05-10T10:14:10.093Z][error] - Cannot find authors
[2019-05-10T10:14:10.616Z][error] - Cannot find authors
[2019-05-10T10:14:11.161Z][error] - Cannot find authors
[2019-05-10T10:15:59.842Z][error] - Cannot find authors
[2019-05-10T10:16:53.709Z][error] - Cannot find authors
[2019-05-10T10:17:57.045Z][error] - Cannot find authors
[2019-05-10T10:43:27.084Z][error] - Cannot get last two docs
[2019-05-10T10:43:41.895Z][error] - Cannot get last two docs
[2019-05-10T10:43:53.878Z][error] - Cannot get last two docs
[2019-05-10T10:44:10.401Z][error] - Cannot get last two docs
[2019-05-10T10:45:26.109Z][error] - Cannot get last two docs
[2019-05-10T10:45:39.828Z][error] - Cannot get last two docs
[2019-05-10T10:45:56.202Z][error] - Cannot get last two docs - MongoError: Argument to $skip cannot be negative
[2019-05-10T10:46:16.552Z][error] - Cannot get last two docs - MongoError: Argument to $skip cannot be negative
[2019-05-10T10:46:23.953Z][error] - Cannot get last two docs - MongoError: Argument to $skip cannot be negative
[2019-05-10T10:47:15.644Z][error] - Cannot get last two docs - MongoError: Argument to $skip must be a number not a object
[2019-05-10T10:47:18.301Z][error] - Cannot get last two docs - MongoError: Argument to $skip must be a number not a object
[2019-05-10T10:47:41.592Z][error] - Cannot get last two docs - MongoError: Argument to $skip must be a number not a object
[2019-05-10T10:48:21.976Z][error] - Cannot get last two docs - MongoError: the count field must be a non-empty string
[2019-05-10T10:48:59.440Z][error] - Cannot get last two docs - MongoError: the count field must be a non-empty string
[2019-05-10T10:49:01.947Z][error] - Cannot get last two docs - MongoError: the count field must be a non-empty string
[2019-05-10T11:26:26.021Z][error] - Cannot get last two docs - MongoError: the count field must be a non-empty string
[2019-05-10T11:28:23.305Z][error] - Cannot get last two docs - MongoError: Argument to $skip cannot be negative
[2019-05-10T11:28:42.454Z][error] - Cannot get last two docs - MongoError: Argument to $skip cannot be negative
[2019-05-10T11:28:45.865Z][error] - Cannot get last two docs - MongoError: Argument to $skip cannot be negative
[2019-05-10T11:31:09.509Z][error] - Cannot get last two docs - MongoError: Argument to $skip must be a number not a string
[2019-05-10T11:31:18.890Z][error] - Cannot get last two docs - MongoError: Argument to $skip must be a number not a string
[2019-05-10T11:38:53.848Z][error] - Cannot get last two docs - MongoError: Argument to $skip must be a number not a string
[2019-05-10T11:40:41.753Z][error] - Cannot get last two docs - MongoError: Unrecognized expression '$count'
[2019-05-10T11:44:35.734Z][error] - Cannot get last two docs - MongoError: The field 'name' must be an accumulator object
[2019-05-10T11:44:37.974Z][error] - Cannot get last two docs - MongoError: The field 'name' must be an accumulator object
[2019-05-10T11:45:05.550Z][error] - Cannot get last two docs - MongoError: The field 'name' must be an accumulator object
[2019-05-10T11:45:06.705Z][error] - Cannot get last two docs - MongoError: The field 'name' must be an accumulator object
[2019-05-10T11:45:51.193Z][error] - Cannot get last two docs - MongoError: The field 'price' must be an accumulator object
[2019-05-10T11:47:47.480Z][error] - Cannot get last two docs - MongoError: a group specification must include an _id
[2019-05-10T11:47:48.820Z][error] - Cannot get last two docs - MongoError: a group specification must include an _id
[2019-05-10T11:48:21.712Z][error] - Cannot get last two docs - MongoError: The field 'name' must be an accumulator object
[2019-05-10T11:48:22.666Z][error] - Cannot get last two docs - MongoError: The field 'name' must be an accumulator object
[2019-05-10T11:48:23.780Z][error] - Cannot get last two docs - MongoError: The field 'name' must be an accumulator object
[2019-05-10T12:20:03.754Z][error] - Cannot get last two docs - MongoError: Argument to $skip must be a number not a string
[2019-05-10T12:21:53.718Z][error] - Cannot get last two docs - MongoError: Argument to $skip must be a number not a string
[2019-05-10T12:22:18.000Z][error] - Cannot get last two docs - MongoError: Argument to $skip must be a number not a string
[2019-05-10T12:31:35.536Z][error] - Cannot get last two docs - MongoError: Unrecognized expression '$push'
[2019-05-10T12:35:29.531Z][error] - Cannot get last two docs - MongoError: The $push accumulator is a unary operator
[2019-05-10T12:36:01.154Z][error] - Cannot get last two docs - MongoError: The $push accumulator is a unary operator
