[2019-04-25T12:51:46.862Z][info] - Getting all users ... 
[2019-04-25T12:57:43.729Z][info] - Getting all users ... 
[2019-04-25T12:58:44.219Z][error] - Getting all users ... 
[2019-04-25T13:00:04.845Z][error] - Getting all users ... 
[2019-04-25T13:01:49.393Z][error] - Getting all users ... 
[2019-04-25T14:33:49.470Z][info] - POST request - Creating user ... 
[2019-04-25T14:33:49.527Z][error] - Cannot add user
[2019-04-25T14:34:41.623Z][error] - Getting all users ... 
[2019-04-25T14:34:57.037Z][info] - POST request - Creating user ... 
[2019-04-25T14:34:57.044Z][info] - Creating user ... 
[2019-04-25T14:34:57.045Z][info] - User is created
[2019-04-25T14:37:58.861Z][info] - POST request - Creating user ... 
[2019-04-25T14:37:58.881Z][info] - Creating user ... 
[2019-04-25T14:37:58.885Z][info] - User is created
[2019-04-25T14:38:01.068Z][info] - POST request - Creating user ... 
[2019-04-25T14:38:01.098Z][info] - Creating user ... 
[2019-04-25T14:38:01.101Z][info] - User is created
[2019-04-25T14:38:02.226Z][info] - POST request - Creating user ... 
[2019-04-25T14:38:02.231Z][info] - Creating user ... 
[2019-04-25T14:38:02.232Z][info] - User is created
[2019-04-25T14:53:24.420Z][info] - POST request - Creating user ... 
[2019-04-25T14:53:24.435Z][error] - Cannot add user
[2019-04-25T14:53:49.776Z][info] - POST request - Creating user ... 
[2019-04-25T14:53:49.789Z][info] - Creating user ... 
[2019-04-25T14:53:49.795Z][info] - User is created
